<?xml version="1.0" encoding="UTF-8"?>
<robot generator="Robot 3.0.4 (Python 3.7.0 on darwin)" generated="20180930 00:12:57.362">
<suite id="s1" name="FrontOffice" source="/Users/ligwoyi/PycharmProjects/rf_frontpage/tests/FrontOffice.robot">
<test id="s1-t1" name="Should Be Able to Access &quot;Team&quot; Page">
<kw name="Begin Web Test" library="Common" type="setup">
<arguments>
<arg>${BROWSER}</arg>
</arguments>
<kw name="Open Browser" library="SeleniumLibrary">
<doc>Opens a new browser instance to the given ``url``.</doc>
<arguments>
<arg>about:blank</arg>
<arg>${browser}</arg>
</arguments>
<msg timestamp="20180930 00:12:57.768" level="INFO">Opening browser 'chrome' to base url 'about:blank'.</msg>
<status status="PASS" starttime="20180930 00:12:57.767" endtime="20180930 00:13:02.474"></status>
</kw>
<status status="PASS" starttime="20180930 00:12:57.766" endtime="20180930 00:13:02.474"></status>
</kw>
<kw name="Go to Front Office Welcome Page" library="FrontOfficeApp">
<arguments>
<arg>${START_URL}</arg>
</arguments>
<kw name="Navigate to Welcome Page" library="Welcome">
<arguments>
<arg>${url}</arg>
</arguments>
<kw name="Go To" library="SeleniumLibrary">
<doc>Navigates the active browser instance to the provided ``url``.</doc>
<arguments>
<arg>${url}</arg>
</arguments>
<msg timestamp="20180930 00:13:02.480" level="INFO">Opening url 'http://www.robotframeworktutorial.com/front-office'</msg>
<status status="PASS" starttime="20180930 00:13:02.480" endtime="20180930 00:13:06.456"></status>
</kw>
<status status="PASS" starttime="20180930 00:13:02.477" endtime="20180930 00:13:06.456"></status>
</kw>
<kw name="Verify Page Loaded" library="Welcome">
<kw name="Wait Until Page Contains Element" library="SeleniumLibrary">
<doc>Waits until element ``locator`` appears on current page.</doc>
<arguments>
<arg>${Welcome_Page_id}</arg>
</arguments>
<status status="PASS" starttime="20180930 00:13:06.457" endtime="20180930 00:13:06.531"></status>
</kw>
<status status="PASS" starttime="20180930 00:13:06.456" endtime="20180930 00:13:06.533"></status>
</kw>
<status status="PASS" starttime="20180930 00:13:02.476" endtime="20180930 00:13:06.533"></status>
</kw>
<kw name="Go to Team Page" library="FrontOfficeApp">
<kw name="select team" library="TopNav">
<kw name="Click Link" library="SeleniumLibrary">
<doc>Clicks a link identified by ``locator``.</doc>
<arguments>
<arg>@{top_nav_menu}[3]</arg>
</arguments>
<msg timestamp="20180930 00:13:06.536" level="INFO">Clicking link 'Team'.</msg>
<status status="PASS" starttime="20180930 00:13:06.535" endtime="20180930 00:13:06.865"></status>
</kw>
<status status="PASS" starttime="20180930 00:13:06.535" endtime="20180930 00:13:06.865"></status>
</kw>
<kw name="Verify Team Page Loaded" library="Team">
<kw name="Wait Until Page Contains Element" library="SeleniumLibrary">
<doc>Waits until element ``locator`` appears on current page.</doc>
<arguments>
<arg>${team_page_id}</arg>
</arguments>
<status status="PASS" starttime="20180930 00:13:06.866" endtime="20180930 00:13:07.042"></status>
</kw>
<status status="PASS" starttime="20180930 00:13:06.866" endtime="20180930 00:13:07.042"></status>
</kw>
<status status="PASS" starttime="20180930 00:13:06.534" endtime="20180930 00:13:07.042"></status>
</kw>
<kw name="Log" library="BuiltIn">
<doc>Logs the given message with the given level.</doc>
<arguments>
<arg>Executing Test 1</arg>
</arguments>
<msg timestamp="20180930 00:13:07.044" level="INFO">Executing Test 1</msg>
<status status="PASS" starttime="20180930 00:13:07.043" endtime="20180930 00:13:07.044"></status>
</kw>
<kw name="End Web Test" library="Common" type="teardown">
<kw name="Close Browser" library="SeleniumLibrary">
<doc>Closes the current browser.</doc>
<status status="PASS" starttime="20180930 00:13:07.046" endtime="20180930 00:13:07.245"></status>
</kw>
<status status="PASS" starttime="20180930 00:13:07.045" endtime="20180930 00:13:07.245"></status>
</kw>
<doc>Load the Front Office Page</doc>
<tags>
<tag>test1</tag>
</tags>
<status status="PASS" starttime="20180930 00:12:57.765" endtime="20180930 00:13:07.246" critical="yes"></status>
</test>
<test id="s1-t2" name="Team Page Should match Requirement">
<kw name="Begin Web Test" library="Common" type="setup">
<arguments>
<arg>${BROWSER}</arg>
</arguments>
<kw name="Open Browser" library="SeleniumLibrary">
<doc>Opens a new browser instance to the given ``url``.</doc>
<arguments>
<arg>about:blank</arg>
<arg>${browser}</arg>
</arguments>
<msg timestamp="20180930 00:13:07.263" level="INFO">Opening browser 'chrome' to base url 'about:blank'.</msg>
<status status="PASS" starttime="20180930 00:13:07.263" endtime="20180930 00:13:11.244"></status>
</kw>
<status status="PASS" starttime="20180930 00:13:07.262" endtime="20180930 00:13:11.244"></status>
</kw>
<kw name="Go to Front Office Welcome Page" library="FrontOfficeApp">
<arguments>
<arg>${START_URL}</arg>
</arguments>
<kw name="Navigate to Welcome Page" library="Welcome">
<arguments>
<arg>${url}</arg>
</arguments>
<kw name="Go To" library="SeleniumLibrary">
<doc>Navigates the active browser instance to the provided ``url``.</doc>
<arguments>
<arg>${url}</arg>
</arguments>
<msg timestamp="20180930 00:13:11.249" level="INFO">Opening url 'http://www.robotframeworktutorial.com/front-office'</msg>
<status status="PASS" starttime="20180930 00:13:11.248" endtime="20180930 00:13:13.672"></status>
</kw>
<status status="PASS" starttime="20180930 00:13:11.247" endtime="20180930 00:13:13.673"></status>
</kw>
<kw name="Verify Page Loaded" library="Welcome">
<kw name="Wait Until Page Contains Element" library="SeleniumLibrary">
<doc>Waits until element ``locator`` appears on current page.</doc>
<arguments>
<arg>${Welcome_Page_id}</arg>
</arguments>
<status status="PASS" starttime="20180930 00:13:13.674" endtime="20180930 00:13:13.716"></status>
</kw>
<status status="PASS" starttime="20180930 00:13:13.674" endtime="20180930 00:13:13.716"></status>
</kw>
<status status="PASS" starttime="20180930 00:13:11.245" endtime="20180930 00:13:13.717"></status>
</kw>
<kw name="Go to Team Page" library="FrontOfficeApp">
<kw name="select team" library="TopNav">
<kw name="Click Link" library="SeleniumLibrary">
<doc>Clicks a link identified by ``locator``.</doc>
<arguments>
<arg>@{top_nav_menu}[3]</arg>
</arguments>
<msg timestamp="20180930 00:13:13.720" level="INFO">Clicking link 'Team'.</msg>
<status status="PASS" starttime="20180930 00:13:13.719" endtime="20180930 00:13:13.954"></status>
</kw>
<status status="PASS" starttime="20180930 00:13:13.718" endtime="20180930 00:13:13.955"></status>
</kw>
<kw name="Verify Team Page Loaded" library="Team">
<kw name="Wait Until Page Contains Element" library="SeleniumLibrary">
<doc>Waits until element ``locator`` appears on current page.</doc>
<arguments>
<arg>${team_page_id}</arg>
</arguments>
<status status="PASS" starttime="20180930 00:13:13.956" endtime="20180930 00:13:13.987"></status>
</kw>
<status status="PASS" starttime="20180930 00:13:13.955" endtime="20180930 00:13:13.988"></status>
</kw>
<status status="PASS" starttime="20180930 00:13:13.718" endtime="20180930 00:13:13.988"></status>
</kw>
<kw name="Validate Team Page" library="FrontOfficeApp">
<kw name="Validate Page Contents" library="Team">
<kw name="Get Text" library="SeleniumLibrary">
<doc>Returns the text value of element identified by ``locator``.</doc>
<arguments>
<arg>${team_header_label}</arg>
</arguments>
<assign>
<var>${element_text}</var>
</assign>
<msg timestamp="20180930 00:13:14.089" level="INFO">${element_text} = OUR AMAZING TEAM</msg>
<status status="PASS" starttime="20180930 00:13:13.990" endtime="20180930 00:13:14.089"></status>
</kw>
<kw name="Should Be Equal As Strings" library="BuiltIn">
<doc>Fails if objects are unequal after converting them to strings.</doc>
<arguments>
<arg>${element_text}</arg>
<arg>Our Amazing Team</arg>
<arg>ignore_case=True</arg>
</arguments>
<status status="PASS" starttime="20180930 00:13:14.089" endtime="20180930 00:13:14.091"></status>
</kw>
<status status="PASS" starttime="20180930 00:13:13.990" endtime="20180930 00:13:14.091"></status>
</kw>
<status status="PASS" starttime="20180930 00:13:13.989" endtime="20180930 00:13:14.091"></status>
</kw>
<kw name="Log" library="BuiltIn">
<doc>Logs the given message with the given level.</doc>
<arguments>
<arg>Executing Test 2</arg>
</arguments>
<msg timestamp="20180930 00:13:14.093" level="INFO">Executing Test 2</msg>
<status status="PASS" starttime="20180930 00:13:14.092" endtime="20180930 00:13:14.093"></status>
</kw>
<kw name="End Web Test" library="Common" type="teardown">
<kw name="Close Browser" library="SeleniumLibrary">
<doc>Closes the current browser.</doc>
<status status="PASS" starttime="20180930 00:13:14.094" endtime="20180930 00:13:14.258"></status>
</kw>
<status status="PASS" starttime="20180930 00:13:14.094" endtime="20180930 00:13:14.258"></status>
</kw>
<status status="PASS" starttime="20180930 00:13:07.261" endtime="20180930 00:13:14.258" critical="yes"></status>
</test>
<test id="s1-t3" name="About Page Should match Requirement">
<kw name="Begin Web Test" library="Common" type="setup">
<arguments>
<arg>${BROWSER}</arg>
</arguments>
<kw name="Open Browser" library="SeleniumLibrary">
<doc>Opens a new browser instance to the given ``url``.</doc>
<arguments>
<arg>about:blank</arg>
<arg>${browser}</arg>
</arguments>
<msg timestamp="20180930 00:13:14.262" level="INFO">Opening browser 'chrome' to base url 'about:blank'.</msg>
<status status="PASS" starttime="20180930 00:13:14.262" endtime="20180930 00:13:17.586"></status>
</kw>
<status status="PASS" starttime="20180930 00:13:14.261" endtime="20180930 00:13:17.587"></status>
</kw>
<kw name="Go to Front Office Welcome Page" library="FrontOfficeApp">
<arguments>
<arg>${START_URL}</arg>
</arguments>
<kw name="Navigate to Welcome Page" library="Welcome">
<arguments>
<arg>${url}</arg>
</arguments>
<kw name="Go To" library="SeleniumLibrary">
<doc>Navigates the active browser instance to the provided ``url``.</doc>
<arguments>
<arg>${url}</arg>
</arguments>
<msg timestamp="20180930 00:13:17.591" level="INFO">Opening url 'http://www.robotframeworktutorial.com/front-office'</msg>
<status status="PASS" starttime="20180930 00:13:17.590" endtime="20180930 00:13:19.464"></status>
</kw>
<status status="PASS" starttime="20180930 00:13:17.589" endtime="20180930 00:13:19.464"></status>
</kw>
<kw name="Verify Page Loaded" library="Welcome">
<kw name="Wait Until Page Contains Element" library="SeleniumLibrary">
<doc>Waits until element ``locator`` appears on current page.</doc>
<arguments>
<arg>${Welcome_Page_id}</arg>
</arguments>
<status status="PASS" starttime="20180930 00:13:19.465" endtime="20180930 00:13:19.503"></status>
</kw>
<status status="PASS" starttime="20180930 00:13:19.465" endtime="20180930 00:13:19.503"></status>
</kw>
<status status="PASS" starttime="20180930 00:13:17.588" endtime="20180930 00:13:19.503"></status>
</kw>
<kw name="Go to About Page" library="FrontOfficeApp">
<kw name="select about" library="TopNav">
<kw name="Click Link" library="SeleniumLibrary">
<doc>Clicks a link identified by ``locator``.</doc>
<arguments>
<arg>@{top_nav_menu}[2]</arg>
</arguments>
<msg timestamp="20180930 00:13:19.506" level="INFO">Clicking link 'About'.</msg>
<status status="PASS" starttime="20180930 00:13:19.505" endtime="20180930 00:13:19.665"></status>
</kw>
<status status="PASS" starttime="20180930 00:13:19.505" endtime="20180930 00:13:19.666"></status>
</kw>
<kw name="Verify About Page Loaded" library="About">
<kw name="Wait Until Page Contains Element" library="SeleniumLibrary">
<doc>Waits until element ``locator`` appears on current page.</doc>
<arguments>
<arg>${team_page_id}</arg>
</arguments>
<status status="PASS" starttime="20180930 00:13:19.667" endtime="20180930 00:13:19.696"></status>
</kw>
<status status="PASS" starttime="20180930 00:13:19.666" endtime="20180930 00:13:19.697"></status>
</kw>
<status status="PASS" starttime="20180930 00:13:19.504" endtime="20180930 00:13:19.697"></status>
</kw>
<kw name="Log" library="BuiltIn">
<doc>Logs the given message with the given level.</doc>
<arguments>
<arg>Executing Test 3</arg>
</arguments>
<msg timestamp="20180930 00:13:19.698" level="INFO">Executing Test 3</msg>
<status status="PASS" starttime="20180930 00:13:19.697" endtime="20180930 00:13:19.698"></status>
</kw>
<kw name="End Web Test" library="Common" type="teardown">
<kw name="Close Browser" library="SeleniumLibrary">
<doc>Closes the current browser.</doc>
<status status="PASS" starttime="20180930 00:13:19.700" endtime="20180930 00:13:19.878"></status>
</kw>
<status status="PASS" starttime="20180930 00:13:19.699" endtime="20180930 00:13:19.878"></status>
</kw>
<status status="PASS" starttime="20180930 00:13:14.260" endtime="20180930 00:13:19.878" critical="yes"></status>
</test>
<doc>Testing RobotFramework FrontOffice Page.</doc>
<status status="PASS" starttime="20180930 00:12:57.364" endtime="20180930 00:13:19.881"></status>
</suite>
<statistics>
<total>
<stat pass="3" fail="0">Critical Tests</stat>
<stat pass="3" fail="0">All Tests</stat>
</total>
<tag>
<stat pass="1" fail="0">test1</stat>
</tag>
<suite>
<stat pass="3" fail="0" id="s1" name="FrontOffice">FrontOffice</stat>
</suite>
</statistics>
<errors>
</errors>
</robot>
